Bsk_Music/proguard/seeds.txt
com.bsk.music.MainActivity
com.bsk.music.MainActivity: MainActivity()
com.bsk.music.entity.AppInfo
com.bsk.music.entity.AppInfo: long serialVersionUID
com.bsk.music.entity.AppInfo: java.lang.String appname
com.bsk.music.entity.AppInfo: java.lang.String pkgname
com.bsk.music.entity.AppInfo: java.lang.String pkgver
com.bsk.music.entity.AppInfo: java.lang.String pkgurl
com.bsk.music.entity.AppInfo: java.lang.String pkgmd5
com.bsk.music.entity.AppInfo: java.lang.String pkgsize
com.bsk.music.entity.AppInfo: java.lang.String remarks
com.bsk.music.entity.AppInfo: AppInfo()
com.bsk.music.entity.AppInfo: java.lang.String getAppname()
com.bsk.music.entity.AppInfo: void setAppname(java.lang.String)
com.bsk.music.entity.AppInfo: java.lang.String getPkgname()
com.bsk.music.entity.AppInfo: void setPkgname(java.lang.String)
com.bsk.music.entity.AppInfo: java.lang.String getPkgver()
com.bsk.music.entity.AppInfo: void setPkgver(java.lang.String)
com.bsk.music.entity.AppInfo: java.lang.String getPkgurl()
com.bsk.music.entity.AppInfo: void setPkgurl(java.lang.String)
com.bsk.music.entity.AppInfo: java.lang.String getPkgmd5()
com.bsk.music.entity.AppInfo: void setPkgmd5(java.lang.String)
com.bsk.music.entity.AppInfo: java.lang.String getPkgsize()
com.bsk.music.entity.AppInfo: void setPkgsize(java.lang.String)
com.bsk.music.entity.AppInfo: java.lang.String getRemarks()
com.bsk.music.entity.AppInfo: void setRemarks(java.lang.String)
com.bsk.music.entity.AppInfoListResp
com.bsk.music.entity.AppInfoListResp: long serialVersionUID
com.bsk.music.entity.AppInfoListResp: int ret
com.bsk.music.entity.AppInfoListResp: java.lang.String msg
com.bsk.music.entity.AppInfoListResp: java.util.List apps
com.bsk.music.entity.AppInfoListResp: AppInfoListResp()
com.bsk.music.entity.AppInfoListResp: int getRet()
com.bsk.music.entity.AppInfoListResp: void setRet(int)
com.bsk.music.entity.AppInfoListResp: java.lang.String getMsg()
com.bsk.music.entity.AppInfoListResp: void setMsg(java.lang.String)
com.bsk.music.entity.AppInfoListResp: java.util.List getApps()
com.bsk.music.entity.AppInfoListResp: void setApps(java.util.List)
com.bsk.music.entity.Music
com.bsk.music.entity.Music: java.lang.String name
com.bsk.music.entity.Music: java.lang.String englishName
com.bsk.music.entity.Music: java.lang.String url
com.bsk.music.entity.Music: java.lang.Integer type
com.bsk.music.entity.Music: Music(java.lang.String,java.lang.String,java.lang.String,java.lang.Integer)
com.bsk.music.entity.Music: java.lang.String getName()
com.bsk.music.entity.Music: java.lang.String getEnglishName()
com.bsk.music.entity.Music: void setEnglishName(java.lang.String)
com.bsk.music.entity.Music: void setName(java.lang.String)
com.bsk.music.entity.Music: java.lang.String getUrl()
com.bsk.music.entity.Music: void setUrl(java.lang.String)
com.bsk.music.entity.Music: java.lang.Integer getType()
com.bsk.music.entity.Music: void setType(java.lang.Integer)
com.bsk.music.entity.Music: java.lang.String toString()
...
android.support.v7.widget.AppCompatAutoCompleteTextView
android.support.v7.widget.AppCompatAutoCompleteTextView: AppCompatAutoCompleteTextView(android.content.Context)
android.support.v7.widget.AppCompatAutoCompleteTextView: AppCompatAutoCompleteTextView(android.content.Context,android.util.AttributeSet)
android.support.v7.widget.AppCompatAutoCompleteTextView: AppCompatAutoCompleteTextView(android.content.Context,android.util.AttributeSet,int)
android.support.v7.widget.AppCompatButton
android.support.v7.widget.AppCompatButton: AppCompatButton(android.content.Context,android.util.AttributeSet)
android.support.v7.widget.AppCompatButton: AppCompatButton(android.content.Context,android.util.AttributeSet,int)
android.support.v7.widget.AppCompatCheckBox
android.support.v7.widget.AppCompatCheckBox: AppCompatCheckBox(android.content.Context,android.util.AttributeSet)
android.support.v7.widget.AppCompatCheckBox: AppCompatCheckBox(android.content.Context,android.util.AttributeSet,int)
android.support.v7.widget.AppCompatCheckedTextView
android.support.v7.widget.AppCompatCheckedTextView: AppCompatCheckedTextView(android.content.Context,android.util.AttributeSet)
android.support.v7.widget.AppCompatCheckedTextView: AppCompatCheckedTextView(android.content.Context,android.util.AttributeSet,int)
android.support.v7.widget.AppCompatEditText
android.support.v7.widget.AppCompatEditText: AppCompatEditText(android.content.Context,android.util.AttributeSet)
android.support.v7.widget.AppCompatEditText: AppCompatEditText(android.content.Context,android.util.AttributeSet,int)
android.support.v7.widget.AppCompatImageButton
android.support.v7.widget.AppCompatImageButton: AppCompatImageButton(android.content.Context,android.util.AttributeSet)
android.support.v7.widget.AppCompatImageButton: AppCompatImageButton(android.content.Context,android.util.AttributeSet,int)
android.support.v7.widget.AppCompatImageView
android.support.v7.widget.AppCompatImageView: AppCompatImageView(android.content.Context,android.util.AttributeSet)
android.support.v7.widget.AppCompatImageView: AppCompatImageView(android.content.Context,android.util.AttributeSet,int)
android.support.v7.widget.AppCompatMultiAutoCompleteTextView
android.support.v7.widget.AppCompatMultiAutoCompleteTextView: AppCompatMultiAutoCompleteTextView(android.content.Context,android.util.AttributeSet)
android.support.v7.widget.AppCompatMultiAutoCompleteTextView: AppCompatMultiAutoCompleteTextView(android.content.Context,android.util.AttributeSet,int)
android.support.v7.widget.AppCompatRadioButton
android.support.v7.widget.AppCompatRadioButton: AppCompatRadioButton(android.content.Context,android.util.AttributeSet)
android.support.v7.widget.AppCompatRadioButton: AppCompatRadioButton(android.content.Context,android.util.AttributeSet,int)
android.support.v7.widget.AppCompatRatingBar
android.support.v7.widget.AppCompatRatingBar: AppCompatRatingBar(android.content.Context,android.util.AttributeSet)
android.support.v7.widget.AppCompatRatingBar: AppCompatRatingBar(android.content.Context,android.util.AttributeSet,int)
android.support.v7.widget.AppCompatSeekBar
android.support.v7.widget.AppCompatSeekBar: AppCompatSeekBar(android.content.Context,android.util.AttributeSet)
android.support.v7.widget.AppCompatSeekBar: AppCompatSeekBar(android.content.Context,android.util.AttributeSet,int)
android.support.v7.widget.AppCompatSpinner
android.support.v7.widget.AppCompatSpinner: AppCompatSpinner(android.content.Context,android.util.AttributeSet)
android.support.v7.widget.AppCompatSpinner: AppCompatSpinner(android.content.Context,android.util.AttributeSet,int)
android.support.v7.widget.AppCompatTextView
android.support.v7.widget.AppCompatTextView: AppCompatTextView(android.content.Context)
android.support.v7.widget.AppCompatTextView: AppCompatTextView(android.content.Context,android.util.AttributeSet)
android.support.v7.widget.AppCompatTextView: AppCompatTextView(android.content.Context,android.util.AttributeSet,int)