Bsk_Music/proguard/mapping.txt
com.bsk.music.MainActivity -> com.bsk.music.MainActivity:
    java.lang.String KU_GOU -> b
    java.lang.String BAI_DU -> c
    java.lang.String QQ -> d
    java.lang.String XIA_MI -> e
    java.lang.String DOU_BAN -> f
    android.widget.ListView lv_list -> g
    java.util.List musicList -> h
    java.util.List testList -> i
    android.widget.ArrayAdapter arrayAdapter -> j
    android.widget.Button exitBtn -> k
    android.widget.Button settingBtn -> l
    android.widget.TextView versionTv -> m
    android.webkit.WebView mWebView -> n
    android.widget.LinearLayout networkLy -> o
    int index -> p
    android.os.PowerManager$WakeLock m_wklk -> a
    java.lang.String BC_CLOSE_FM -> q
    java.lang.String BC_SETUP_NETWORK -> r
    int type -> s
    java.lang.String HTTP_LOGIN -> t
    java.lang.String HTTP_GET_MUSIC -> u
    java.lang.String HTTP_USERNAME -> v
    java.lang.String HTTP_PASSWORD -> w
    java.lang.String scode -> x
    android.os.Handler mHandler -> y
    java.lang.Runnable getSCodeRunnable -> z
    int versionCode -> A
    java.lang.String versionStr -> B
    com.bsk.music.entity.AppInfoListResp appInfoListResp -> C
    android.content.BroadcastReceiver mSystemKeyEventReceiver -> D
    void onCreate(android.os.Bundle) -> onCreate
    void loadWeb$505cff1c(java.lang.String) -> a
    void initMusic(com.bsk.music.entity.Music) -> a
    void onPause() -> onPause
    void onDestroy() -> onDestroy
    boolean onKeyDown(int,android.view.KeyEvent) -> onKeyDown
com.bsk.music.MainActivity$1 -> com.bsk.music.a:
    com.bsk.music.MainActivity this$0 -> a
    void onReceive(android.content.Context,android.content.Intent) -> onReceive
com.bsk.music.MainActivity$2 -> com.bsk.music.b:
    com.bsk.music.MainActivity this$0 -> a
    void run() -> run
com.bsk.music.MainActivity$3 -> com.bsk.music.c:
    com.bsk.music.MainActivity this$0 -> a
    void handleMessage(android.os.Message) -> handleMessage
com.bsk.music.MainActivity$4 -> com.bsk.music.d:
    com.bsk.music.MainActivity this$0 -> a
    void onItemClick(android.widget.AdapterView,android.view.View,int,long) -> onItemClick
com.bsk.music.MainActivity$5 -> com.bsk.music.e:
    com.bsk.music.MainActivity this$0 -> a
    void onClick(android.view.View) -> onClick
com.bsk.music.MainActivity$6 -> com.bsk.music.f:
    com.bsk.music.MainActivity this$0 -> a
    void onClick(android.view.View) -> onClick
com.bsk.music.MainActivity$7 -> com.bsk.music.g:
    com.bsk.music.MainActivity this$0 -> a
    boolean shouldOverrideUrlLoading(android.webkit.WebView,java.lang.String) -> shouldOverrideUrlLoading
com.bsk.music.MainActivity$MyTask -> com.bsk.music.h:
    com.bsk.music.MainActivity this$0 -> a
    void onPreExecute() -> onPreExecute
    void onPostExecute(java.lang.Object) -> onPostExecute
    java.lang.Object doInBackground(java.lang.Object[]) -> doInBackground
com.bsk.music.NetworkUtils -> com.bsk.music.i:
    boolean getNetWorkStatus(android.content.Context) -> a
...
android.support.v4.content.Loader$OnLoadCanceledListener -> android.support.v4.content.j:
android.support.v4.content.Loader$OnLoadCompleteListener -> android.support.v4.content.k:
android.support.v4.content.WakefulBroadcastReceiver -> android.support.v4.content.WakefulBroadcastReceiver:
    android.util.SparseArray mActiveWakeLocks -> a
    int mNextId -> b
android.support.v4.graphics.ColorUtils -> android.support.v4.a.a:
    int compositeColors(int,int) -> a
    int compositeComponent(int,int,int,int,int) -> a
android.support.v4.graphics.drawable.DrawableCompat -> android.support.v4.a.a.a:
    android.support.v4.graphics.drawable.DrawableCompat$DrawableImpl IMPL -> a
    void jumpToCurrentState(android.graphics.drawable.Drawable) -> a
    void setAutoMirrored(android.graphics.drawable.Drawable,boolean) -> a
    boolean isAutoMirrored(android.graphics.drawable.Drawable) -> b
    void setHotspot(android.graphics.drawable.Drawable,float,float) -> a
    void setHotspotBounds(android.graphics.drawable.Drawable,int,int,int,int) -> a
    void setTint(android.graphics.drawable.Drawable,int) -> a
    void setTintList(android.graphics.drawable.Drawable,android.content.res.ColorStateList) -> a
    void setTintMode(android.graphics.drawable.Drawable,android.graphics.PorterDuff$Mode) -> a
    android.graphics.drawable.Drawable wrap(android.graphics.drawable.Drawable) -> c
    void setLayoutDirection(android.graphics.drawable.Drawable,int) -> b
android.support.v4.graphics.drawable.DrawableCompat$BaseDrawableImpl -> android.support.v4.a.a.b:
    void jumpToCurrentState(android.graphics.drawable.Drawable) -> a
    void setAutoMirrored(android.graphics.drawable.Drawable,boolean) -> a
    boolean isAutoMirrored(android.graphics.drawable.Drawable) -> b
    void setHotspot(android.graphics.drawable.Drawable,float,float) -> a
    void setHotspotBounds(android.graphics.drawable.Drawable,int,int,int,int) -> a
    void setTint(android.graphics.drawable.Drawable,int) -> a
    void setTintList(android.graphics.drawable.Drawable,android.content.res.ColorStateList) -> a
    void setTintMode(android.graphics.drawable.Drawable,android.graphics.PorterDuff$Mode) -> a
    android.graphics.drawable.Drawable wrap(android.graphics.drawable.Drawable) -> c
    void setLayoutDirection(android.graphics.drawable.Drawable,int) -> b
android.support.v4.graphics.drawable.DrawableCompat$DrawableImpl -> android.support.v4.a.a.c:
    void jumpToCurrentState(android.graphics.drawable.Drawable) -> a
    void setAutoMirrored(android.graphics.drawable.Drawable,boolean) -> a
    boolean isAutoMirrored(android.graphics.drawable.Drawable) -> b
    void setHotspot(android.graphics.drawable.Drawable,float,float) -> a
    void setHotspotBounds(android.graphics.drawable.Drawable,int,int,int,int) -> a
    void setTint(android.graphics.drawable.Drawable,int) -> a
    void setTintList(android.graphics.drawable.Drawable,android.content.res.ColorStateList) -> a
    void setTintMode(android.graphics.drawable.Drawable,android.graphics.PorterDuff$Mode) -> a
    android.graphics.drawable.Drawable wrap(android.graphics.drawable.Drawable) -> c
    void setLayoutDirection(android.graphics.drawable.Drawable,int) -> b
android.support.v4.graphics.drawable.DrawableCompat$HoneycombDrawableImpl -> android.support.v4.a.a.d:
    void jumpToCurrentState(android.graphics.drawable.Drawable) -> a
    android.graphics.drawable.Drawable wrap(android.graphics.drawable.Drawable) -> c
android.support.v4.graphics.drawable.DrawableCompat$JellybeanMr1DrawableImpl -> android.support.v4.a.a.e:
    void setLayoutDirection(android.graphics.drawable.Drawable,int) -> b
android.support.v4.graphics.drawable.DrawableCompat$KitKatDrawableImpl -> android.support.v4.a.a.f:
    void setAutoMirrored(android.graphics.drawable.Drawable,boolean) -> a
    boolean isAutoMirrored(android.graphics.drawable.Drawable) -> b
    android.graphics.drawable.Drawable wrap(android.graphics.drawable.Drawable) -> c