Bsk_Music/proguard/usage.txt
com.bsk.music.BuildConfig
com.bsk.music.NetworkUtils:
    private static android.content.Context mContext
    6:6:public NetworkUtils()
com.bsk.music.R
com.bsk.music.R$anim
com.bsk.music.R$attr
com.bsk.music.R$bool
com.bsk.music.R$color
com.bsk.music.R$dimen
com.bsk.music.R$drawable
com.bsk.music.R$id
com.bsk.music.R$integer
com.bsk.music.R$layout
com.bsk.music.R$menu
com.bsk.music.R$string
com.bsk.music.R$style
com.bsk.music.R$styleable
com.bsk.music.util.HttpUtils:
    23:25:public HttpUtils()
    53:70:public static java.io.InputStream getInputStream(java.lang.String)
...
android.support.v4.view.ViewParentCompat$ViewParentCompatImpl:
    public abstract boolean requestSendAccessibilityEvent(android.view.ViewParent,android.view.View,android.view.accessibility.AccessibilityEvent)
    public abstract void notifySubtreeAccessibilityStateChanged(android.view.ViewParent,android.view.View,android.view.View,int)
android.support.v4.view.ViewParentCompat$ViewParentCompatKitKatImpl:
    149:151:public void notifySubtreeAccessibilityStateChanged(android.view.ViewParent,android.view.View,android.view.View,int)
android.support.v4.view.ViewParentCompat$ViewParentCompatStubImpl:
    58:64:public boolean requestSendAccessibilityEvent(android.view.ViewParent,android.view.View,android.view.accessibility.AccessibilityEvent)
    133:133:public void notifySubtreeAccessibilityStateChanged(android.view.ViewParent,android.view.View,android.view.View,int)
android.support.v4.view.ViewParentCompatICS
android.support.v4.view.ViewParentCompatKitKat
android.support.v4.view.ViewParentCompatLollipop:
    private static final java.lang.String TAG
    24:24:ViewParentCompatLollipop()
android.support.v4.view.ViewPropertyAnimatorCompat:
    private static final java.lang.String TAG
    static final int LISTENER_TAG_ID
    708:711:public android.support.v4.view.ViewPropertyAnimatorCompat alphaBy(float)
    725:728:public android.support.v4.view.ViewPropertyAnimatorCompat translationX(float)
    777:780:public android.support.v4.view.ViewPropertyAnimatorCompat withEndAction(java.lang.Runnable)
    829:832:public android.view.animation.Interpolator getInterpolator()
    866:869:public long getStartDelay()
    884:887:public android.support.v4.view.ViewPropertyAnimatorCompat rotation(float)
    901:904:public android.support.v4.view.ViewPropertyAnimatorCompat rotationBy(float)
    918:921:public android.support.v4.view.ViewPropertyAnimatorCompat rotationX(float)
    935:938:public android.support.v4.view.ViewPropertyAnimatorCompat rotationXBy(float)
    952:955:public android.support.v4.view.ViewPropertyAnimatorCompat rotationY(float)
    969:972:public android.support.v4.view.ViewPropertyAnimatorCompat rotationYBy(float)
    986:989:public android.support.v4.view.ViewPropertyAnimatorCompat scaleX(float)
    1003:1006:public android.support.v4.view.ViewPropertyAnimatorCompat scaleXBy(float)
    1020:1023:public android.support.v4.view.ViewPropertyAnimatorCompat scaleY(float)
    1037:1040:public android.support.v4.view.ViewPropertyAnimatorCompat scaleYBy(float)
    1064:1067:public android.support.v4.view.ViewPropertyAnimatorCompat x(float)